TN:
SF:tools\lint-branch-name.ts
FN:12,(anonymous_0)
FN:22,lintBranchName
FNF:2
FNH:2
FNDA:1,(anonymous_0)
FNDA:6,lintBranchName
DA:2,1
DA:4,1
DA:9,1
DA:12,1
DA:13,1
DA:15,1
DA:17,0
DA:18,0
DA:22,1
DA:23,6
DA:25,6
DA:26,2
DA:29,4
DA:31,4
DA:32,1
DA:35,3
DA:36,3
DA:37,3
DA:39,3
DA:40,1
DA:43,2
LF:21
LH:19
BRDA:9,0,0,1
BRDA:9,0,1,1
BRDA:15,1,0,0
BRDA:25,2,0,2
BRDA:31,3,0,1
BRDA:39,4,0,1
BRF:6
BRH:5
end_of_record
TN:
SF:tools\lint-pull-request-title.ts
FN:6,(anonymous_0)
FN:18,lintPullRequestTitle
FNF:2
FNH:2
FNDA:1,(anonymous_0)
FNDA:5,lintPullRequestTitle
DA:1,1
DA:6,1
DA:7,1
DA:9,0
DA:11,0
DA:13,0
DA:14,0
DA:18,1
DA:19,5
DA:21,5
DA:22,1
DA:25,4
DA:26,4
DA:27,4
DA:29,4
DA:30,1
DA:33,3
DA:35,3
DA:36,1
DA:39,2
DA:40,2
DA:42,2
DA:43,1
DA:46,1
LF:24
LH:20
BRDA:7,0,0,1
BRDA:11,1,0,0
BRDA:21,2,0,1
BRDA:29,3,0,1
BRDA:35,4,0,1
BRDA:42,5,0,1
BRF:6
BRH:5
end_of_record
